<?xml version="1.0" encoding="UTF-8"?>
<!-- Generated by org.testng.reporters.JUnitXMLReporter -->
<testsuite hostname="IT09-100" ignored="0" name="Default test" tests="3" failures="0" timestamp="24 May 2017 08:47:02 GMT" time="17.709" errors="0">
  <testcase name="login" time="0.784" classname="testcase.Login"/>
  <testcase name="passcredentials" time="1.253" classname="testcase.Login"/>
  <testcase name="logintoacc" time="1.321" classname="testcase.Login"/>
</testsuite> <!-- Default test -->
