<?xml version="1.0" encoding="UTF-8"?>
<!-- Generated by org.testng.reporters.JUnitXMLReporter -->
<testsuite hostname="IT09-100" ignored="0" name="Test1" tests="4" failures="0" timestamp="24 May 2017 08:57:11 GMT" time="31.78" errors="0">
  <testcase name="verify" time="0.063" classname="testcase.verifyhomepage"/>
  <testcase name="login" time="0.743" classname="testcase.Login"/>
  <testcase name="passcredentials" time="1.649" classname="testcase.Login"/>
  <testcase name="logintoacc" time="0.938" classname="testcase.Login"/>
</testsuite> <!-- Test1 -->
